<?xml version="1.0" encoding="UTF-8"?>
<testng-results ignored="0" total="1" passed="1" failed="0" skipped="0">
  <reporter-output>
  </reporter-output>
  <suite started-at="2024-01-31T10:48:53Z" name="Default suite" finished-at="2024-01-31T10:48:59Z" duration-ms="5539">
    <groups>
    </groups>
    <test started-at="2024-01-31T10:48:53Z" name="Default test" finished-at="2024-01-31T10:48:59Z" duration-ms="5539">
      <class name="desirialization_Pojo.TestCases.LogAllInTextFile">
        <test-method signature="oAuthTestCase()[pri:0, instance:desirialization_Pojo.TestCases.LogAllInTextFile@14bee915]" started-at="2024-01-31T10:48:53Z" name="oAuthTestCase" finished-at="2024-01-31T10:48:59Z" duration-ms="5506" status="PASS">
          <reporter-output>
          </reporter-output>
        </test-method> <!-- oAuthTestCase -->
      </class> <!-- desirialization_Pojo.TestCases.LogAllInTextFile -->
    </test> <!-- Default test -->
  </suite> <!-- Default suite -->
</testng-results>
